<?xml version="1.0" encoding="UTF-8"?>
<coverage generated="1529937427779" clover="3.2.0">
  <project timestamp="1529937427779" name="All files">
    <metrics statements="35" coveredstatements="34" conditionals="6" coveredconditionals="6" methods="22" coveredmethods="21" elements="63" coveredelements="61" complexity="0" loc="35" ncloc="35" packages="4" files="8" classes="8">
      <package name="actions">
        <metrics statements="8" coveredstatements="7" conditionals="0" coveredconditionals="0" methods="7" coveredmethods="6"/>
        <file name="homeAction.js" path="D:\workspace\react-router-dynamic-import\src\jest-module\actions\homeAction.js">
          <metrics statements="8" coveredstatements="7" conditionals="0" coveredconditionals="0" methods="7" coveredmethods="6"/>
          <line num="5" count="3" type="stmt"/>
          <line num="6" count="2" type="stmt"/>
          <line num="9" count="3" type="stmt"/>
          <line num="10" count="1" type="stmt"/>
          <line num="11" count="1" type="stmt"/>
          <line num="12" count="0" type="stmt"/>
          <line num="17" count="3" type="stmt"/>
          <line num="18" count="2" type="stmt"/>
        </file>
      </package>
      <package name="components">
        <metrics statements="3" coveredstatements="3" conditionals="0" coveredconditionals="0" methods="2" coveredmethods="2"/>
        <file name="HomeComponent.js" path="D:\workspace\react-router-dynamic-import\src\jest-module\components\HomeComponent.js">
          <metrics statements="2" coveredstatements="2" conditionals="0" coveredconditionals="0" methods="1" coveredmethods="1"/>
          <line num="9" count="9" type="stmt"/>
          <line num="10" count="9" type="stmt"/>
        </file>
        <file name="PureComponentForJest.js" path="D:\workspace\react-router-dynamic-import\src\jest-module\components\PureComponentForJest.js">
          <metrics statements="1" coveredstatements="1" conditionals="0" coveredconditionals="0" methods="1" coveredmethods="1"/>
          <line num="9" count="1" type="stmt"/>
        </file>
      </package>
      <package name="containers">
        <metrics statements="18" coveredstatements="18" conditionals="0" coveredconditionals="0" methods="11" coveredmethods="11"/>
        <file name="FooterContainer.js" path="D:\workspace\react-router-dynamic-import\src\jest-module\containers\FooterContainer.js">
          <metrics statements="8" coveredstatements="8" conditionals="0" coveredconditionals="0" methods="5" coveredmethods="5"/>
          <line num="10" count="4" type="stmt"/>
          <line num="14" count="4" type="stmt"/>
          <line num="15" count="4" type="stmt"/>
          <line num="23" count="2" type="stmt"/>
          <line num="24" count="6" type="stmt"/>
          <line num="27" count="2" type="stmt"/>
          <line num="28" count="4" type="stmt"/>
          <line num="30" count="1" type="stmt"/>
        </file>
        <file name="HomeContainer.js" path="D:\workspace\react-router-dynamic-import\src\jest-module\containers\HomeContainer.js">
          <metrics statements="6" coveredstatements="6" conditionals="0" coveredconditionals="0" methods="4" coveredmethods="4"/>
          <line num="12" count="2" type="stmt"/>
          <line num="13" count="6" type="stmt"/>
          <line num="16" count="2" type="stmt"/>
          <line num="17" count="4" type="stmt"/>
          <line num="19" count="1" type="stmt"/>
          <line num="22" count="1" type="stmt"/>
        </file>
        <file name="Root.js" path="D:\workspace\react-router-dynamic-import\src\jest-module\containers\Root.js">
          <metrics statements="4" coveredstatements="4" conditionals="0" coveredconditionals="0" methods="2" coveredmethods="2"/>
          <line num="20" count="1" type="stmt"/>
          <line num="21" count="1" type="stmt"/>
          <line num="25" count="1" type="stmt"/>
          <line num="26" count="1" type="stmt"/>
        </file>
      </package>
      <package name="reducers">
        <metrics statements="6" coveredstatements="6" conditionals="6" coveredconditionals="6" methods="2" coveredmethods="2"/>
        <file name="footerReducer.js" path="D:\workspace\react-router-dynamic-import\src\jest-module\reducers\footerReducer.js">
          <metrics statements="2" coveredstatements="2" conditionals="2" coveredconditionals="2" methods="1" coveredmethods="1"/>
          <line num="6" count="11" type="cond" truecount="1" falsecount="0"/>
          <line num="8" count="11" type="stmt"/>
        </file>
        <file name="homeReducer.js" path="D:\workspace\react-router-dynamic-import\src\jest-module\reducers\homeReducer.js">
          <metrics statements="4" coveredstatements="4" conditionals="4" coveredconditionals="4" methods="1" coveredmethods="1"/>
          <line num="6" count="13" type="cond" truecount="3" falsecount="0"/>
          <line num="8" count="2" type="stmt"/>
          <line num="10" count="1" type="stmt"/>
          <line num="12" count="10" type="stmt"/>
        </file>
      </package>
    </metrics>
  </project>
</coverage>
