{"D:\\workspace\\react-router-dynamic-import\\src\\jest-module\\actions\\homeAction.js": {"path":"D:\\workspace\\react-router-dynamic-import\\src\\jest-module\\actions\\homeAction.js","statementMap":{"0":{"start":{"line":5,"column":27},"end":{"line":7,"column":1}},"1":{"start":{"line":5,"column":37},"end":{"line":7,"column":1}},"2":{"start":{"line":6,"column":4},"end":{"line":6,"column":31}},"3":{"start":{"line":9,"column":32},"end":{"line":16,"column":1}},"4":{"start":{"line":9,"column":42},"end":{"line":16,"column":1}},"5":{"start":{"line":10,"column":4},"end":{"line":14,"column":7}},"6":{"start":{"line":11,"column":8},"end":{"line":13,"column":14}},"7":{"start":{"line":12,"column":12},"end":{"line":12,"column":49}},"8":{"start":{"line":17,"column":30},"end":{"line":19,"column":1}},"9":{"start":{"line":18,"column":4},"end":{"line":18,"column":31}}},"fnMap":{"0":{"name":"(anonymous_0)","decl":{"start":{"line":5,"column":27},"end":{"line":5,"column":28}},"loc":{"start":{"line":5,"column":37},"end":{"line":7,"column":1}},"line":5},"1":{"name":"(anonymous_1)","decl":{"start":{"line":5,"column":37},"end":{"line":5,"column":38}},"loc":{"start":{"line":5,"column":49},"end":{"line":7,"column":1}},"line":5},"2":{"name":"(anonymous_2)","decl":{"start":{"line":9,"column":32},"end":{"line":9,"column":33}},"loc":{"start":{"line":9,"column":42},"end":{"line":16,"column":1}},"line":9},"3":{"name":"(anonymous_3)","decl":{"start":{"line":9,"column":42},"end":{"line":9,"column":43}},"loc":{"start":{"line":9,"column":54},"end":{"line":16,"column":1}},"line":9},"4":{"name":"(anonymous_4)","decl":{"start":{"line":10,"column":23},"end":{"line":10,"column":24}},"loc":{"start":{"line":10,"column":37},"end":{"line":14,"column":5}},"line":10},"5":{"name":"(anonymous_5)","decl":{"start":{"line":11,"column":19},"end":{"line":11,"column":20}},"loc":{"start":{"line":11,"column":25},"end":{"line":13,"column":9}},"line":11},"6":{"name":"(anonymous_6)","decl":{"start":{"line":17,"column":30},"end":{"line":17,"column":31}},"loc":{"start":{"line":17,"column":36},"end":{"line":19,"column":1}},"line":17}},"branchMap":{},"s":{"0":3,"1":2,"2":2,"3":3,"4":1,"5":1,"6":1,"7":0,"8":3,"9":2},"f":{"0":2,"1":2,"2":1,"3":1,"4":1,"5":0,"6":2},"b":{},"_coverageSchema":"332fd63041d2c1bcb487cc26dd0d5f7d97098a6c","hash":"40da3ab5a5af3b23dde2bdd2bfef8ec88471afc7"}
,"D:\\workspace\\react-router-dynamic-import\\src\\jest-module\\components\\HomeComponent.js": {"path":"D:\\workspace\\react-router-dynamic-import\\src\\jest-module\\components\\HomeComponent.js","statementMap":{"0":{"start":{"line":9,"column":43},"end":{"line":9,"column":53}},"1":{"start":{"line":10,"column":8},"end":{"line":16,"column":10}}},"fnMap":{"0":{"name":"(anonymous_0)","decl":{"start":{"line":8,"column":4},"end":{"line":8,"column":5}},"loc":{"start":{"line":8,"column":12},"end":{"line":17,"column":5}},"line":8}},"branchMap":{},"s":{"0":9,"1":9},"f":{"0":9},"b":{},"_coverageSchema":"332fd63041d2c1bcb487cc26dd0d5f7d97098a6c","hash":"41b62c3da9ad926f49a62f04a69463812f24047e"}
,"D:\\workspace\\react-router-dynamic-import\\src\\jest-module\\components\\PureComponentForJest.js": {"path":"D:\\workspace\\react-router-dynamic-import\\src\\jest-module\\components\\PureComponentForJest.js","statementMap":{"0":{"start":{"line":9,"column":8},"end":{"line":13,"column":10}}},"fnMap":{"0":{"name":"(anonymous_0)","decl":{"start":{"line":8,"column":4},"end":{"line":8,"column":5}},"loc":{"start":{"line":8,"column":12},"end":{"line":14,"column":5}},"line":8}},"branchMap":{},"s":{"0":1},"f":{"0":1},"b":{},"_coverageSchema":"332fd63041d2c1bcb487cc26dd0d5f7d97098a6c","hash":"371ba6b830355658584a012b729eab09c754471d"}
,"D:\\workspace\\react-router-dynamic-import\\src\\jest-module\\containers\\FooterContainer.js": {"path":"D:\\workspace\\react-router-dynamic-import\\src\\jest-module\\containers\\FooterContainer.js","statementMap":{"0":{"start":{"line":10,"column":8},"end":{"line":10,"column":21}},"1":{"start":{"line":14,"column":24},"end":{"line":14,"column":34}},"2":{"start":{"line":15,"column":8},"end":{"line":19,"column":9}},"3":{"start":{"line":23,"column":24},"end":{"line":25,"column":1}},"4":{"start":{"line":24,"column":4},"end":{"line":24,"column":31}},"5":{"start":{"line":27,"column":27},"end":{"line":33,"column":1}},"6":{"start":{"line":28,"column":4},"end":{"line":32,"column":6}},"7":{"start":{"line":30,"column":12},"end":{"line":30,"column":51}}},"fnMap":{"0":{"name":"(anonymous_0)","decl":{"start":{"line":9,"column":4},"end":{"line":9,"column":5}},"loc":{"start":{"line":9,"column":23},"end":{"line":11,"column":5}},"line":9},"1":{"name":"(anonymous_1)","decl":{"start":{"line":13,"column":4},"end":{"line":13,"column":5}},"loc":{"start":{"line":13,"column":12},"end":{"line":20,"column":5}},"line":13},"2":{"name":"(anonymous_2)","decl":{"start":{"line":23,"column":24},"end":{"line":23,"column":25}},"loc":{"start":{"line":23,"column":35},"end":{"line":25,"column":1}},"line":23},"3":{"name":"(anonymous_3)","decl":{"start":{"line":27,"column":27},"end":{"line":27,"column":28}},"loc":{"start":{"line":27,"column":41},"end":{"line":33,"column":1}},"line":27},"4":{"name":"(anonymous_4)","decl":{"start":{"line":29,"column":15},"end":{"line":29,"column":16}},"loc":{"start":{"line":29,"column":25},"end":{"line":31,"column":9}},"line":29}},"branchMap":{},"s":{"0":4,"1":4,"2":4,"3":2,"4":6,"5":2,"6":4,"7":1},"f":{"0":4,"1":4,"2":6,"3":4,"4":1},"b":{},"_coverageSchema":"332fd63041d2c1bcb487cc26dd0d5f7d97098a6c","hash":"c026d2502126f3ce7285e0d1278b1a1c4495b1c9"}
,"D:\\workspace\\react-router-dynamic-import\\src\\jest-module\\containers\\HomeContainer.js": {"path":"D:\\workspace\\react-router-dynamic-import\\src\\jest-module\\containers\\HomeContainer.js","statementMap":{"0":{"start":{"line":12,"column":24},"end":{"line":14,"column":1}},"1":{"start":{"line":13,"column":4},"end":{"line":13,"column":29}},"2":{"start":{"line":16,"column":27},"end":{"line":25,"column":1}},"3":{"start":{"line":17,"column":4},"end":{"line":24,"column":6}},"4":{"start":{"line":19,"column":12},"end":{"line":19,"column":36}},"5":{"start":{"line":22,"column":12},"end":{"line":22,"column":39}}},"fnMap":{"0":{"name":"(anonymous_0)","decl":{"start":{"line":12,"column":24},"end":{"line":12,"column":25}},"loc":{"start":{"line":12,"column":35},"end":{"line":14,"column":1}},"line":12},"1":{"name":"(anonymous_1)","decl":{"start":{"line":16,"column":27},"end":{"line":16,"column":28}},"loc":{"start":{"line":16,"column":41},"end":{"line":25,"column":1}},"line":16},"2":{"name":"(anonymous_2)","decl":{"start":{"line":18,"column":18},"end":{"line":18,"column":19}},"loc":{"start":{"line":18,"column":24},"end":{"line":20,"column":9}},"line":18},"3":{"name":"(anonymous_3)","decl":{"start":{"line":21,"column":19},"end":{"line":21,"column":20}},"loc":{"start":{"line":21,"column":25},"end":{"line":23,"column":9}},"line":21}},"branchMap":{},"s":{"0":2,"1":6,"2":2,"3":4,"4":1,"5":1},"f":{"0":6,"1":4,"2":1,"3":1},"b":{},"_coverageSchema":"332fd63041d2c1bcb487cc26dd0d5f7d97098a6c","hash":"ebf445b60acd761888928747b254c75e94da3dae"}
,"D:\\workspace\\react-router-dynamic-import\\src\\jest-module\\containers\\Root.js": {"path":"D:\\workspace\\react-router-dynamic-import\\src\\jest-module\\containers\\Root.js","statementMap":{"0":{"start":{"line":20,"column":8},"end":{"line":20,"column":16}},"1":{"start":{"line":21,"column":8},"end":{"line":21,"column":93}},"2":{"start":{"line":25,"column":24},"end":{"line":25,"column":34}},"3":{"start":{"line":26,"column":8},"end":{"line":33,"column":10}}},"fnMap":{"0":{"name":"(anonymous_0)","decl":{"start":{"line":19,"column":4},"end":{"line":19,"column":5}},"loc":{"start":{"line":19,"column":18},"end":{"line":22,"column":5}},"line":19},"1":{"name":"(anonymous_1)","decl":{"start":{"line":24,"column":4},"end":{"line":24,"column":5}},"loc":{"start":{"line":24,"column":13},"end":{"line":34,"column":5}},"line":24}},"branchMap":{},"s":{"0":1,"1":1,"2":1,"3":1},"f":{"0":1,"1":1},"b":{},"_coverageSchema":"332fd63041d2c1bcb487cc26dd0d5f7d97098a6c","hash":"1b66a53c101482c3351db2404d42f1ed5195519d"}
,"D:\\workspace\\react-router-dynamic-import\\src\\jest-module\\reducers\\footerReducer.js": {"path":"D:\\workspace\\react-router-dynamic-import\\src\\jest-module\\reducers\\footerReducer.js","statementMap":{"0":{"start":{"line":6,"column":4},"end":{"line":9,"column":5}},"1":{"start":{"line":8,"column":12},"end":{"line":8,"column":25}}},"fnMap":{"0":{"name":"(anonymous_0)","decl":{"start":{"line":5,"column":15},"end":{"line":5,"column":16}},"loc":{"start":{"line":5,"column":39},"end":{"line":10,"column":1}},"line":5}},"branchMap":{"0":{"loc":{"start":{"line":5,"column":16},"end":{"line":5,"column":26}},"type":"default-arg","locations":[{"start":{"line":5,"column":24},"end":{"line":5,"column":26}}],"line":5},"1":{"loc":{"start":{"line":6,"column":4},"end":{"line":9,"column":5}},"type":"switch","locations":[{"start":{"line":7,"column":8},"end":{"line":8,"column":25}}],"line":6}},"s":{"0":11,"1":11},"f":{"0":11},"b":{"0":[8],"1":[11]},"_coverageSchema":"332fd63041d2c1bcb487cc26dd0d5f7d97098a6c","hash":"ab1b8bc9d6f5d8ea2f496e354661342a0544d8d8"}
,"D:\\workspace\\react-router-dynamic-import\\src\\jest-module\\reducers\\homeReducer.js": {"path":"D:\\workspace\\react-router-dynamic-import\\src\\jest-module\\reducers\\homeReducer.js","statementMap":{"0":{"start":{"line":6,"column":4},"end":{"line":13,"column":5}},"1":{"start":{"line":8,"column":12},"end":{"line":8,"column":40}},"2":{"start":{"line":10,"column":12},"end":{"line":10,"column":40}},"3":{"start":{"line":12,"column":12},"end":{"line":12,"column":25}}},"fnMap":{"0":{"name":"(anonymous_0)","decl":{"start":{"line":5,"column":15},"end":{"line":5,"column":16}},"loc":{"start":{"line":5,"column":45},"end":{"line":14,"column":1}},"line":5}},"branchMap":{"0":{"loc":{"start":{"line":5,"column":16},"end":{"line":5,"column":32}},"type":"default-arg","locations":[{"start":{"line":5,"column":24},"end":{"line":5,"column":32}}],"line":5},"1":{"loc":{"start":{"line":6,"column":4},"end":{"line":13,"column":5}},"type":"switch","locations":[{"start":{"line":7,"column":8},"end":{"line":8,"column":40}},{"start":{"line":9,"column":8},"end":{"line":10,"column":40}},{"start":{"line":11,"column":8},"end":{"line":12,"column":25}}],"line":6}},"s":{"0":13,"1":2,"2":1,"3":10},"f":{"0":13},"b":{"0":[8],"1":[2,1,10]},"_coverageSchema":"332fd63041d2c1bcb487cc26dd0d5f7d97098a6c","hash":"2978e5ce2a0bfd926bd566ffcae56f1021d8bcc2"}
}
