TN:
SF:D:\workspace\react-router-dynamic-import\src\jest-module\actions\homeAction.js
FN:5,(anonymous_0)
FN:5,(anonymous_1)
FN:9,(anonymous_2)
FN:9,(anonymous_3)
FN:10,(anonymous_4)
FN:11,(anonymous_5)
FN:17,(anonymous_6)
FNF:7
FNH:6
FNDA:2,(anonymous_0)
FNDA:2,(anonymous_1)
FNDA:1,(anonymous_2)
FNDA:1,(anonymous_3)
FNDA:1,(anonymous_4)
FNDA:0,(anonymous_5)
FNDA:2,(anonymous_6)
DA:5,3
DA:6,2
DA:9,3
DA:10,1
DA:11,1
DA:12,0
DA:17,3
DA:18,2
LF:8
LH:7
BRF:0
BRH:0
end_of_record
TN:
SF:D:\workspace\react-router-dynamic-import\src\jest-module\components\HomeComponent.js
FN:8,(anonymous_0)
FNF:1
FNH:1
FNDA:9,(anonymous_0)
DA:9,9
DA:10,9
LF:2
LH:2
BRF:0
BRH:0
end_of_record
TN:
SF:D:\workspace\react-router-dynamic-import\src\jest-module\components\PureComponentForJest.js
FN:8,(anonymous_0)
FNF:1
FNH:1
FNDA:1,(anonymous_0)
DA:9,1
LF:1
LH:1
BRF:0
BRH:0
end_of_record
TN:
SF:D:\workspace\react-router-dynamic-import\src\jest-module\containers\FooterContainer.js
FN:9,(anonymous_0)
FN:13,(anonymous_1)
FN:23,(anonymous_2)
FN:27,(anonymous_3)
FN:29,(anonymous_4)
FNF:5
FNH:5
FNDA:4,(anonymous_0)
FNDA:4,(anonymous_1)
FNDA:6,(anonymous_2)
FNDA:4,(anonymous_3)
FNDA:1,(anonymous_4)
DA:10,4
DA:14,4
DA:15,4
DA:23,2
DA:24,6
DA:27,2
DA:28,4
DA:30,1
LF:8
LH:8
BRF:0
BRH:0
end_of_record
TN:
SF:D:\workspace\react-router-dynamic-import\src\jest-module\containers\HomeContainer.js
FN:12,(anonymous_0)
FN:16,(anonymous_1)
FN:18,(anonymous_2)
FN:21,(anonymous_3)
FNF:4
FNH:4
FNDA:6,(anonymous_0)
FNDA:4,(anonymous_1)
FNDA:1,(anonymous_2)
FNDA:1,(anonymous_3)
DA:12,2
DA:13,6
DA:16,2
DA:17,4
DA:19,1
DA:22,1
LF:6
LH:6
BRF:0
BRH:0
end_of_record
TN:
SF:D:\workspace\react-router-dynamic-import\src\jest-module\containers\Root.js
FN:19,(anonymous_0)
FN:24,(anonymous_1)
FNF:2
FNH:2
FNDA:1,(anonymous_0)
FNDA:1,(anonymous_1)
DA:20,1
DA:21,1
DA:25,1
DA:26,1
LF:4
LH:4
BRF:0
BRH:0
end_of_record
TN:
SF:D:\workspace\react-router-dynamic-import\src\jest-module\reducers\footerReducer.js
FN:5,(anonymous_0)
FNF:1
FNH:1
FNDA:11,(anonymous_0)
DA:6,11
DA:8,11
LF:2
LH:2
BRDA:5,0,0,8
BRDA:6,1,0,11
BRF:2
BRH:2
end_of_record
TN:
SF:D:\workspace\react-router-dynamic-import\src\jest-module\reducers\homeReducer.js
FN:5,(anonymous_0)
FNF:1
FNH:1
FNDA:13,(anonymous_0)
DA:6,13
DA:8,2
DA:10,1
DA:12,10
LF:4
LH:4
BRDA:5,0,0,8
BRDA:6,1,0,2
BRDA:6,1,1,1
BRDA:6,1,2,10
BRF:4
BRH:4
end_of_record
